\BOOKMARK [0][-]{chapter.1}{\376\377\0001\000\040\000F\000i\000l\000e\000\040\000I\000n\000d\000e\000x}{}% 1
\BOOKMARK [1][-]{section.1.1}{\376\377\0001\000.\0001\000\040\000F\000i\000l\000e\000\040\000L\000i\000s\000t}{chapter.1}% 2
\BOOKMARK [0][-]{chapter.2}{\376\377\0002\000\040\000F\000i\000l\000e\000\040\000D\000o\000c\000u\000m\000e\000n\000t\000a\000t\000i\000o\000n}{}% 3
\BOOKMARK [1][-]{section.2.1}{\376\377\0002\000.\0001\000\040\000c\000a\000l\000c\000u\000l\000a\000t\000o\000r\000\137\000f\000r\000o\000n\000t\000.\000c\000\040\000F\000i\000l\000e\000\040\000R\000e\000f\000e\000r\000e\000n\000c\000e}{chapter.2}% 4
\BOOKMARK [2][-]{subsection.2.1.1}{\376\377\0002\000.\0001\000.\0001\000\040\000M\000a\000c\000r\000o\000\040\000D\000e\000f\000i\000n\000i\000t\000i\000o\000n\000\040\000D\000o\000c\000u\000m\000e\000n\000t\000a\000t\000i\000o\000n}{section.2.1}% 5
\BOOKMARK [3][-]{subsubsection.2.1.1.1}{\376\377\0002\000.\0001\000.\0001\000.\0001\000\040\000A\000S\000C\000I\000I\000\137\000T\000O\000\137\000N\000U\000M}{subsection.2.1.1}% 6
\BOOKMARK [3][-]{subsubsection.2.1.1.2}{\376\377\0002\000.\0001\000.\0001\000.\0002\000\040\000I\000S\000\137\000N\000U\000M}{subsection.2.1.1}% 7
\BOOKMARK [2][-]{subsection.2.1.2}{\376\377\0002\000.\0001\000.\0002\000\040\000F\000u\000n\000c\000t\000i\000o\000n\000\040\000D\000o\000c\000u\000m\000e\000n\000t\000a\000t\000i\000o\000n}{section.2.1}% 8
\BOOKMARK [3][-]{subsubsection.2.1.2.1}{\376\377\0002\000.\0001\000.\0002\000.\0001\000\040\000c\000l\000e\000a\000r\000\137\000s\000c\000r\000e\000e\000n\000\050\000\051}{subsection.2.1.2}% 9
\BOOKMARK [3][-]{subsubsection.2.1.2.2}{\376\377\0002\000.\0001\000.\0002\000.\0002\000\040\000f\000l\000u\000s\000h\000\137\000s\000t\000d\000i\000n\000\050\000\051}{subsection.2.1.2}% 10
\BOOKMARK [3][-]{subsubsection.2.1.2.3}{\376\377\0002\000.\0001\000.\0002\000.\0003\000\040\000p\000a\000r\000s\000e\000\137\000i\000n\000p\000u\000t\000\050\000\051}{subsection.2.1.2}% 11
\BOOKMARK [3][-]{subsubsection.2.1.2.4}{\376\377\0002\000.\0001\000.\0002\000.\0004\000\040\000p\000r\000i\000n\000t\000\137\000c\000a\000l\000c\000u\000l\000a\000t\000o\000r\000\137\000t\000i\000p\000s\000\050\000\051}{subsection.2.1.2}% 12
\BOOKMARK [3][-]{subsubsection.2.1.2.5}{\376\377\0002\000.\0001\000.\0002\000.\0005\000\040\000p\000r\000i\000n\000t\000\137\000o\000p\000e\000r\000a\000t\000i\000o\000n\000\137\000r\000e\000s\000u\000l\000t\000\050\000\051}{subsection.2.1.2}% 13
\BOOKMARK [3][-]{subsubsection.2.1.2.6}{\376\377\0002\000.\0001\000.\0002\000.\0006\000\040\000p\000r\000i\000n\000t\000\137\000o\000p\000e\000r\000a\000t\000o\000r\000s\000\050\000\051}{subsection.2.1.2}% 14
\BOOKMARK [1][-]{section.2.2}{\376\377\0002\000.\0002\000\040\000c\000a\000l\000c\000u\000l\000a\000t\000o\000r\000\137\000f\000r\000o\000n\000t\000.\000h\000\040\000F\000i\000l\000e\000\040\000R\000e\000f\000e\000r\000e\000n\000c\000e}{chapter.2}% 15
\BOOKMARK [2][-]{subsection.2.2.1}{\376\377\0002\000.\0002\000.\0001\000\040\000M\000a\000c\000r\000o\000\040\000D\000e\000f\000i\000n\000i\000t\000i\000o\000n\000\040\000D\000o\000c\000u\000m\000e\000n\000t\000a\000t\000i\000o\000n}{section.2.2}% 16
\BOOKMARK [3][-]{subsubsection.2.2.1.1}{\376\377\0002\000.\0002\000.\0001\000.\0001\000\040\000O\000P\000E\000R\000A\000T\000O\000R\000\137\000N\000O\000T\000\137\000F\000O\000U\000N\000D}{subsection.2.2.1}% 17
\BOOKMARK [2][-]{subsection.2.2.2}{\376\377\0002\000.\0002\000.\0002\000\040\000F\000u\000n\000c\000t\000i\000o\000n\000\040\000D\000o\000c\000u\000m\000e\000n\000t\000a\000t\000i\000o\000n}{section.2.2}% 18
\BOOKMARK [3][-]{subsubsection.2.2.2.1}{\376\377\0002\000.\0002\000.\0002\000.\0001\000\040\000c\000l\000e\000a\000r\000\137\000s\000c\000r\000e\000e\000n\000\050\000\051}{subsection.2.2.2}% 19
\BOOKMARK [3][-]{subsubsection.2.2.2.2}{\376\377\0002\000.\0002\000.\0002\000.\0002\000\040\000f\000l\000u\000s\000h\000\137\000s\000t\000d\000i\000n\000\050\000\051}{subsection.2.2.2}% 20
\BOOKMARK [3][-]{subsubsection.2.2.2.3}{\376\377\0002\000.\0002\000.\0002\000.\0003\000\040\000p\000a\000r\000s\000e\000\137\000i\000n\000p\000u\000t\000\050\000\051}{subsection.2.2.2}% 21
\BOOKMARK [3][-]{subsubsection.2.2.2.4}{\376\377\0002\000.\0002\000.\0002\000.\0004\000\040\000p\000r\000i\000n\000t\000\137\000c\000a\000l\000c\000u\000l\000a\000t\000o\000r\000\137\000t\000i\000p\000s\000\050\000\051}{subsection.2.2.2}% 22
\BOOKMARK [3][-]{subsubsection.2.2.2.5}{\376\377\0002\000.\0002\000.\0002\000.\0005\000\040\000p\000r\000i\000n\000t\000\137\000o\000p\000e\000r\000a\000t\000i\000o\000n\000\137\000r\000e\000s\000u\000l\000t\000\050\000\051}{subsection.2.2.2}% 23
\BOOKMARK [3][-]{subsubsection.2.2.2.6}{\376\377\0002\000.\0002\000.\0002\000.\0006\000\040\000p\000r\000i\000n\000t\000\137\000o\000p\000e\000r\000a\000t\000o\000r\000s\000\050\000\051}{subsection.2.2.2}% 24
\BOOKMARK [1][-]{section.2.3}{\376\377\0002\000.\0003\000\040\000m\000a\000i\000n\000.\000c\000\040\000F\000i\000l\000e\000\040\000R\000e\000f\000e\000r\000e\000n\000c\000e}{chapter.2}% 25
\BOOKMARK [2][-]{subsection.2.3.1}{\376\377\0002\000.\0003\000.\0001\000\040\000M\000a\000c\000r\000o\000\040\000D\000e\000f\000i\000n\000i\000t\000i\000o\000n\000\040\000D\000o\000c\000u\000m\000e\000n\000t\000a\000t\000i\000o\000n}{section.2.3}% 26
\BOOKMARK [3][-]{subsubsection.2.3.1.1}{\376\377\0002\000.\0003\000.\0001\000.\0001\000\040\000A\000C\000O\000S\000\137\000C\000H\000A\000R}{subsection.2.3.1}% 27
\BOOKMARK [3][-]{subsubsection.2.3.1.2}{\376\377\0002\000.\0003\000.\0001\000.\0002\000\040\000A\000S\000I\000N\000\137\000C\000H\000A\000R}{subsection.2.3.1}% 28
\BOOKMARK [3][-]{subsubsection.2.3.1.3}{\376\377\0002\000.\0003\000.\0001\000.\0003\000\040\000A\000T\000A\000N\000\137\000C\000H\000A\000R}{subsection.2.3.1}% 29
\BOOKMARK [3][-]{subsubsection.2.3.1.4}{\376\377\0002\000.\0003\000.\0001\000.\0004\000\040\000C\000O\000S\000\137\000C\000H\000A\000R}{subsection.2.3.1}% 30
\BOOKMARK [3][-]{subsubsection.2.3.1.5}{\376\377\0002\000.\0003\000.\0001\000.\0005\000\040\000D\000I\000V\000\137\000C\000H\000A\000R}{subsection.2.3.1}% 31
\BOOKMARK [3][-]{subsubsection.2.3.1.6}{\376\377\0002\000.\0003\000.\0001\000.\0006\000\040\000E\000X\000I\000T\000\137\000C\000H\000A\000R}{subsection.2.3.1}% 32
\BOOKMARK [3][-]{subsubsection.2.3.1.7}{\376\377\0002\000.\0003\000.\0001\000.\0007\000\040\000F\000A\000C\000T\000\137\000C\000H\000A\000R}{subsection.2.3.1}% 33
\BOOKMARK [3][-]{subsubsection.2.3.1.8}{\376\377\0002\000.\0003\000.\0001\000.\0008\000\040\000H\000E\000L\000P\000\137\000C\000H\000A\000R}{subsection.2.3.1}% 34
\BOOKMARK [3][-]{subsubsection.2.3.1.9}{\376\377\0002\000.\0003\000.\0001\000.\0009\000\040\000M\000A\000X\000\137\000O\000P\000E\000R\000A\000T\000O\000R\000S}{subsection.2.3.1}% 35
\BOOKMARK [3][-]{subsubsection.2.3.1.10}{\376\377\0002\000.\0003\000.\0001\000.\0001\0000\000\040\000P\000O\000W\000\137\000C\000H\000A\000R}{subsection.2.3.1}% 36
\BOOKMARK [3][-]{subsubsection.2.3.1.11}{\376\377\0002\000.\0003\000.\0001\000.\0001\0001\000\040\000P\000R\000O\000D\000\137\000C\000H\000A\000R}{subsection.2.3.1}% 37
\BOOKMARK [3][-]{subsubsection.2.3.1.12}{\376\377\0002\000.\0003\000.\0001\000.\0001\0002\000\040\000S\000I\000N\000\137\000C\000H\000A\000R}{subsection.2.3.1}% 38
\BOOKMARK [3][-]{subsubsection.2.3.1.13}{\376\377\0002\000.\0003\000.\0001\000.\0001\0003\000\040\000S\000U\000B\000S\000\137\000C\000H\000A\000R}{subsection.2.3.1}% 39
\BOOKMARK [3][-]{subsubsection.2.3.1.14}{\376\377\0002\000.\0003\000.\0001\000.\0001\0004\000\040\000S\000U\000M\000\137\000C\000H\000A\000R}{subsection.2.3.1}% 40
\BOOKMARK [3][-]{subsubsection.2.3.1.15}{\376\377\0002\000.\0003\000.\0001\000.\0001\0005\000\040\000T\000A\000N\000\137\000C\000H\000A\000R}{subsection.2.3.1}% 41
\BOOKMARK [2][-]{subsection.2.3.2}{\376\377\0002\000.\0003\000.\0002\000\040\000F\000u\000n\000c\000t\000i\000o\000n\000\040\000D\000o\000c\000u\000m\000e\000n\000t\000a\000t\000i\000o\000n}{section.2.3}% 42
\BOOKMARK [3][-]{subsubsection.2.3.2.1}{\376\377\0002\000.\0003\000.\0002\000.\0001\000\040\000a\000d\000d\000\137\000o\000p\000e\000r\000a\000t\000i\000o\000n\000\050\000\051}{subsection.2.3.2}% 43
\BOOKMARK [3][-]{subsubsection.2.3.2.2}{\376\377\0002\000.\0003\000.\0002\000.\0002\000\040\000c\000o\000s\000\137\000w\000r\000a\000p\000p\000e\000r\000\050\000\051}{subsection.2.3.2}% 44
\BOOKMARK [3][-]{subsubsection.2.3.2.3}{\376\377\0002\000.\0003\000.\0002\000.\0003\000\040\000f\000a\000c\000t\000o\000r\000i\000a\000l\000\137\000w\000r\000a\000p\000p\000e\000r\000\050\000\051}{subsection.2.3.2}% 45
\BOOKMARK [3][-]{subsubsection.2.3.2.4}{\376\377\0002\000.\0003\000.\0002\000.\0004\000\040\000f\000i\000n\000d\000\137\000o\000p\000e\000r\000a\000t\000o\000r\000\050\000\051}{subsection.2.3.2}% 46
\BOOKMARK [3][-]{subsubsection.2.3.2.5}{\376\377\0002\000.\0003\000.\0002\000.\0005\000\040\000i\000n\000t\000e\000g\000e\000r\000\137\000p\000o\000w\000e\000r\000\137\000w\000r\000a\000p\000p\000e\000r\000\050\000\051}{subsection.2.3.2}% 47
\BOOKMARK [3][-]{subsubsection.2.3.2.6}{\376\377\0002\000.\0003\000.\0002\000.\0006\000\040\000m\000a\000i\000n\000\050\000\051}{subsection.2.3.2}% 48
\BOOKMARK [3][-]{subsubsection.2.3.2.7}{\376\377\0002\000.\0003\000.\0002\000.\0007\000\040\000s\000i\000n\000\137\000w\000r\000a\000p\000p\000e\000r\000\050\000\051}{subsection.2.3.2}% 49
\BOOKMARK [2][-]{subsection.2.3.3}{\376\377\0002\000.\0003\000.\0003\000\040\000V\000a\000r\000i\000a\000b\000l\000e\000\040\000D\000o\000c\000u\000m\000e\000n\000t\000a\000t\000i\000o\000n}{section.2.3}% 50
\BOOKMARK [3][-]{subsubsection.2.3.3.1}{\376\377\0002\000.\0003\000.\0003\000.\0001\000\040\000a\000c\000t\000i\000o\000n\000s}{subsection.2.3.3}% 51
\BOOKMARK [3][-]{subsubsection.2.3.3.2}{\376\377\0002\000.\0003\000.\0003\000.\0002\000\040\000o\000p\000e\000r\000a\000t\000o\000r\000s}{subsection.2.3.3}% 52
\BOOKMARK [1][-]{section.2.4}{\376\377\0002\000.\0004\000\040\000o\000p\000e\000r\000a\000t\000i\000o\000n\000s\000.\000c\000\040\000F\000i\000l\000e\000\040\000R\000e\000f\000e\000r\000e\000n\000c\000e}{chapter.2}% 53
\BOOKMARK [2][-]{subsection.2.4.1}{\376\377\0002\000.\0004\000.\0001\000\040\000M\000a\000c\000r\000o\000\040\000D\000e\000f\000i\000n\000i\000t\000i\000o\000n\000\040\000D\000o\000c\000u\000m\000e\000n\000t\000a\000t\000i\000o\000n}{section.2.4}% 54
\BOOKMARK [3][-]{subsubsection.2.4.1.1}{\376\377\0002\000.\0004\000.\0001\000.\0001\000\040\000T\000A\000Y\000L\000O\000R\000\137\000T\000E\000R\000M\000S}{subsection.2.4.1}% 55
\BOOKMARK [2][-]{subsection.2.4.2}{\376\377\0002\000.\0004\000.\0002\000\040\000F\000u\000n\000c\000t\000i\000o\000n\000\040\000D\000o\000c\000u\000m\000e\000n\000t\000a\000t\000i\000o\000n}{section.2.4}% 56
\BOOKMARK [3][-]{subsubsection.2.4.2.1}{\376\377\0002\000.\0004\000.\0002\000.\0001\000\040\000c\000o\000s\000\050\000\051}{subsection.2.4.2}% 57
\BOOKMARK [3][-]{subsubsection.2.4.2.2}{\376\377\0002\000.\0004\000.\0002\000.\0002\000\040\000d\000i\000v\000i\000s\000i\000o\000n\000\050\000\051}{subsection.2.4.2}% 58
\BOOKMARK [3][-]{subsubsection.2.4.2.3}{\376\377\0002\000.\0004\000.\0002\000.\0003\000\040\000f\000a\000c\000t\000o\000r\000i\000a\000l\000\050\000\051}{subsection.2.4.2}% 59
\BOOKMARK [3][-]{subsubsection.2.4.2.4}{\376\377\0002\000.\0004\000.\0002\000.\0004\000\040\000i\000n\000t\000e\000g\000e\000r\000\137\000p\000o\000w\000e\000r\000\050\000\051}{subsection.2.4.2}% 60
\BOOKMARK [3][-]{subsubsection.2.4.2.5}{\376\377\0002\000.\0004\000.\0002\000.\0005\000\040\000p\000r\000o\000d\000u\000c\000t\000\050\000\051}{subsection.2.4.2}% 61
\BOOKMARK [3][-]{subsubsection.2.4.2.6}{\376\377\0002\000.\0004\000.\0002\000.\0006\000\040\000s\000i\000n\000\050\000\051}{subsection.2.4.2}% 62
\BOOKMARK [3][-]{subsubsection.2.4.2.7}{\376\377\0002\000.\0004\000.\0002\000.\0007\000\040\000s\000u\000b\000s\000t\000r\000a\000c\000t\000i\000o\000n\000\050\000\051}{subsection.2.4.2}% 63
\BOOKMARK [3][-]{subsubsection.2.4.2.8}{\376\377\0002\000.\0004\000.\0002\000.\0008\000\040\000s\000u\000m\000\050\000\051}{subsection.2.4.2}% 64
\BOOKMARK [1][-]{section.2.5}{\376\377\0002\000.\0005\000\040\000o\000p\000e\000r\000a\000t\000i\000o\000n\000s\000.\000h\000\040\000F\000i\000l\000e\000\040\000R\000e\000f\000e\000r\000e\000n\000c\000e}{chapter.2}% 65
\BOOKMARK [2][-]{subsection.2.5.1}{\376\377\0002\000.\0005\000.\0001\000\040\000M\000a\000c\000r\000o\000\040\000D\000e\000f\000i\000n\000i\000t\000i\000o\000n\000\040\000D\000o\000c\000u\000m\000e\000n\000t\000a\000t\000i\000o\000n}{section.2.5}% 66
\BOOKMARK [3][-]{subsubsection.2.5.1.1}{\376\377\0002\000.\0005\000.\0001\000.\0001\000\040\000P\000I}{subsection.2.5.1}% 67
\BOOKMARK [2][-]{subsection.2.5.2}{\376\377\0002\000.\0005\000.\0002\000\040\000F\000u\000n\000c\000t\000i\000o\000n\000\040\000D\000o\000c\000u\000m\000e\000n\000t\000a\000t\000i\000o\000n}{section.2.5}% 68
\BOOKMARK [3][-]{subsubsection.2.5.2.1}{\376\377\0002\000.\0005\000.\0002\000.\0001\000\040\000c\000o\000s\000\050\000\051}{subsection.2.5.2}% 69
\BOOKMARK [3][-]{subsubsection.2.5.2.2}{\376\377\0002\000.\0005\000.\0002\000.\0002\000\040\000d\000i\000v\000i\000s\000i\000o\000n\000\050\000\051}{subsection.2.5.2}% 70
\BOOKMARK [3][-]{subsubsection.2.5.2.3}{\376\377\0002\000.\0005\000.\0002\000.\0003\000\040\000f\000a\000c\000t\000o\000r\000i\000a\000l\000\050\000\051}{subsection.2.5.2}% 71
\BOOKMARK [3][-]{subsubsection.2.5.2.4}{\376\377\0002\000.\0005\000.\0002\000.\0004\000\040\000i\000n\000t\000e\000g\000e\000r\000\137\000p\000o\000w\000e\000r\000\050\000\051}{subsection.2.5.2}% 72
\BOOKMARK [3][-]{subsubsection.2.5.2.5}{\376\377\0002\000.\0005\000.\0002\000.\0005\000\040\000p\000r\000o\000d\000u\000c\000t\000\050\000\051}{subsection.2.5.2}% 73
\BOOKMARK [3][-]{subsubsection.2.5.2.6}{\376\377\0002\000.\0005\000.\0002\000.\0006\000\040\000s\000i\000n\000\050\000\051}{subsection.2.5.2}% 74
\BOOKMARK [3][-]{subsubsection.2.5.2.7}{\376\377\0002\000.\0005\000.\0002\000.\0007\000\040\000s\000u\000b\000s\000t\000r\000a\000c\000t\000i\000o\000n\000\050\000\051}{subsection.2.5.2}% 75
\BOOKMARK [3][-]{subsubsection.2.5.2.8}{\376\377\0002\000.\0005\000.\0002\000.\0008\000\040\000s\000u\000m\000\050\000\051}{subsection.2.5.2}% 76
\BOOKMARK [0][-]{section*.12}{\376\377\000I\000n\000d\000e\000x}{}% 77
